<?xml version="1.0" encoding="UTF-8"?>
<!-- Generated by org.testng.reporters.JUnitXMLReporter -->
<testsuite ignored="0" hostname="Ramalakshmi" failures="0" tests="2" name="LinkedinSignoinTest" time="2.289" errors="0" timestamp="2022-08-02T23:31:32 IST">
  <testcase classname="com.qa.linkedin.tastcases.LinkedinLoginPageTest" name="verifyPageTitle" time="0.02"/>
  <testcase classname="com.qa.linkedin.tastcases.LinkedinLoginPageTest" name="verifySignHeaderText" time="0.025"/>
</testsuite> <!-- LinkedinSignoinTest -->
