<?xml version="1.0" encoding="UTF-8"?>
<!-- Generated by org.testng.reporters.JUnitXMLReporter -->
<testsuite hostname="Ramalakshmi" ignored="0" name="LinkedinHomeTest" tests="2" failures="0" timestamp="2022-08-03T09:21:12 IST" time="10.653" errors="0">
  <testcase name="verifyLinkedinLogo" time="0.123" classname="com.qa.linkedin.tastcases.LinkedinHomePageTest"/>
  <testcase name="verifyLinkedinTitle" time="0.018" classname="com.qa.linkedin.tastcases.LinkedinHomePageTest"/>
</testsuite> <!-- LinkedinHomeTest -->
