<?xml version="1.0" encoding="UTF-8"?>
<testng-results skipped="0" failed="0" ignored="0" total="2" passed="2">
  <reporter-output>
    <line>
      <![CDATA[create boject for webdriverwait class]]>
    </line>
    <line>
      <![CDATA[create boject for webdriverwait class]]>
    </line>
  </reporter-output>
  <suite name="LinkedinHomeSuite" duration-ms="10653" started-at="2022-08-03T09:21:02 IST" finished-at="2022-08-03T09:21:12 IST">
    <groups>
    </groups>
    <test name="LinkedinHomeTest" duration-ms="10653" started-at="2022-08-03T09:21:02 IST" finished-at="2022-08-03T09:21:12 IST">
      <class name="com.qa.linkedin.tastcases.LinkedinHomePageTest">
        <test-method status="PASS" signature="setup()[pri:0, instance:com.qa.linkedin.tastcases.LinkedinHomePageTest@3c87521]" name="setup" is-config="true" duration-ms="11436" started-at="2022-08-03T09:20:50 IST" finished-at="2022-08-03T09:21:02 IST">
          <reporter-output>
            <line>
              <![CDATA[create boject for webdriverwait class]]>
            </line>
          </reporter-output>
        </test-method> <!-- setup -->
        <test-method status="PASS" signature="beforeClass()[pri:0, instance:com.qa.linkedin.tastcases.LinkedinHomePageTest@3c87521]" name="beforeClass" is-config="true" duration-ms="4693" started-at="2022-08-03T09:21:02 IST" finished-at="2022-08-03T09:21:06 IST">
          <reporter-output>
            <line>
              <![CDATA[create boject for webdriverwait class]]>
            </line>
          </reporter-output>
        </test-method> <!-- beforeClass -->
        <test-method status="PASS" signature="verifyLinkedinLogo()[pri:0, instance:com.qa.linkedin.tastcases.LinkedinHomePageTest@3c87521]" name="verifyLinkedinLogo" duration-ms="123" started-at="2022-08-03T09:21:06 IST" finished-at="2022-08-03T09:21:07 IST">
          <reporter-output>
          </reporter-output>
        </test-method> <!-- verifyLinkedinLogo -->
        <test-method status="PASS" signature="verifyLinkedinTitle()[pri:0, instance:com.qa.linkedin.tastcases.LinkedinHomePageTest@3c87521]" name="verifyLinkedinTitle" duration-ms="18" started-at="2022-08-03T09:21:07 IST" finished-at="2022-08-03T09:21:07 IST">
          <reporter-output>
          </reporter-output>
        </test-method> <!-- verifyLinkedinTitle -->
        <test-method status="PASS" signature="afterClass()[pri:0, instance:com.qa.linkedin.tastcases.LinkedinHomePageTest@3c87521]" name="afterClass" is-config="true" duration-ms="5752" started-at="2022-08-03T09:21:07 IST" finished-at="2022-08-03T09:21:12 IST">
          <reporter-output>
          </reporter-output>
        </test-method> <!-- afterClass -->
        <test-method status="PASS" signature="tearDown()[pri:0, instance:com.qa.linkedin.tastcases.LinkedinHomePageTest@3c87521]" name="tearDown" is-config="true" duration-ms="1" started-at="2022-08-03T09:21:13 IST" finished-at="2022-08-03T09:21:13 IST">
          <reporter-output>
          </reporter-output>
        </test-method> <!-- tearDown -->
      </class> <!-- com.qa.linkedin.tastcases.LinkedinHomePageTest -->
    </test> <!-- LinkedinHomeTest -->
  </suite> <!-- LinkedinHomeSuite -->
</testng-results>
