<?xml version="1.0" encoding="UTF-8"?>
<testng-results ignored="0" total="2" passed="2" failed="0" skipped="0">
  <reporter-output>
    <line>
      <![CDATA[create boject for webdriverwait class]]>
    </line>
  </reporter-output>
  <suite started-at="2022-08-02T23:31:30 IST" name="LinkedinSignoinTestSuite" finished-at="2022-08-02T23:31:32 IST" duration-ms="2289">
    <groups>
    </groups>
    <test started-at="2022-08-02T23:31:30 IST" name="LinkedinSignoinTest" finished-at="2022-08-02T23:31:32 IST" duration-ms="2289">
      <class name="com.qa.linkedin.tastcases.LinkedinLoginPageTest">
        <test-method is-config="true" signature="setup()[pri:0, instance:com.qa.linkedin.tastcases.LinkedinLoginPageTest@455b6df1]" started-at="2022-08-02T23:31:24 IST" name="setup" finished-at="2022-08-02T23:31:30 IST" duration-ms="5657" status="PASS">
          <reporter-output>
            <line>
              <![CDATA[create boject for webdriverwait class]]>
            </line>
          </reporter-output>
        </test-method> <!-- setup -->
        <test-method is-config="true" signature="beforeClass()[pri:0, instance:com.qa.linkedin.tastcases.LinkedinLoginPageTest@455b6df1]" started-at="2022-08-02T23:31:30 IST" name="beforeClass" finished-at="2022-08-02T23:31:32 IST" duration-ms="2213" status="PASS">
          <reporter-output>
          </reporter-output>
        </test-method> <!-- beforeClass -->
        <test-method signature="verifyPageTitle()[pri:0, instance:com.qa.linkedin.tastcases.LinkedinLoginPageTest@455b6df1]" started-at="2022-08-02T23:31:32 IST" name="verifyPageTitle" finished-at="2022-08-02T23:31:32 IST" duration-ms="20" status="PASS">
          <reporter-output>
          </reporter-output>
        </test-method> <!-- verifyPageTitle -->
        <test-method signature="verifySignHeaderText()[pri:0, instance:com.qa.linkedin.tastcases.LinkedinLoginPageTest@455b6df1]" started-at="2022-08-02T23:31:32 IST" name="verifySignHeaderText" finished-at="2022-08-02T23:31:32 IST" duration-ms="25" status="PASS">
          <reporter-output>
          </reporter-output>
        </test-method> <!-- verifySignHeaderText -->
        <test-method is-config="true" signature="tearDown()[pri:0, instance:com.qa.linkedin.tastcases.LinkedinLoginPageTest@455b6df1]" started-at="2022-08-02T23:31:33 IST" name="tearDown" finished-at="2022-08-02T23:31:33 IST" duration-ms="140" status="PASS">
          <reporter-output>
          </reporter-output>
        </test-method> <!-- tearDown -->
      </class> <!-- com.qa.linkedin.tastcases.LinkedinLoginPageTest -->
    </test> <!-- LinkedinSignoinTest -->
  </suite> <!-- LinkedinSignoinTestSuite -->
</testng-results>
