<?xml version="1.0" encoding="UTF-8"?>
<!-- Generated by org.testng.reporters.JUnitXMLReporter -->
<testsuite ignored="0" hostname="Ramalakshmi" failures="0" tests="4" name="LinkedinFeedTestSuite" time="13.256" errors="0" timestamp="2022-07-27T18:41:55 IST">
  <testcase classname="com.qa.linkedin.tastcases.LinkedinFeedPageTest" name="doLoginTest" time="9.643"/>
  <testcase classname="com.qa.linkedin.tastcases.LinkedinFeedPageTest" name="verifyPageTitleTest" time="0.007"/>
  <testcase classname="com.qa.linkedin.tastcases.LinkedinFeedPageTest" name="doLogoutTest" time="2.146"/>
  <testcase classname="com.qa.linkedin.tastcases.LinkedinFeedPageTest" name="verifyProfileRailCardTest" time="0.025"/>
</testsuite> <!-- LinkedinFeedTestSuite -->
