<?xml version="1.0" encoding="UTF-8"?>
<!-- Generated by org.testng.reporters.JUnitXMLReporter -->
<testsuite ignored="0" hostname="Ramalakshmi" failures="0" tests="2" name="LinkedinHomeTest" time="8.524" errors="0" timestamp="2022-07-26T16:27:05 IST">
  <testcase classname="com.qa.linkedin.tastcases.LinkedinHomePageTest" name="verifyLinkedinLogo" time="0.067"/>
  <testcase classname="com.qa.linkedin.tastcases.LinkedinHomePageTest" name="verifyLinkedinTitle" time="0.011"/>
</testsuite> <!-- LinkedinHomeTest -->
